---------+----------+------------------------------------------------------------------
 2708401 | 71168005 | c2fdf475e7fdad8ccf50dd7fc480fafd4a18444e3ac8283a2ccd97236e27666d
(1 row)

--------------------------------------------
[2025-09-01 20:39:35] Checking latest block...
   id    |   slot   |                           header_hash                            
---------+----------+------------------------------------------------------------------
 2708899 | 71180912 | 3d17f0f2e9d7f4da4f42f5fd195e072c56e58165fa19297cb1de0ec6c78ebcba
(1 row)

--------------------------------------------
[2025-09-01 20:40:35] Checking latest block...
   id    |   slot   |                           header_hash                            
---------+----------+------------------------------------------------------------------
 2709397 | 71194633 | abd95d50175e10cadfd0540beaa279e9e6a80eab61da0890675e1a98726fd62b
(1 row)

--------------------------------------------
[2025-09-01 20:41:35] Checking latest block...
   id    |   slot   |                           header_hash                            
---------+----------+------------------------------------------------------------------
 2709895 | 71208139 | 26099eff9b526688cfbc242085714c530642e994e9a2ce9fc8fa04b234071498
(1 row)

--------------------------------------------
[2025-09-01 20:42:35] Checking latest block...
   id    |   slot   |                           header_hash                            
---------+----------+------------------------------------------------------------------
 2710393 | 71222169 | 6af47acfed2794ced0ea3f5a5aac67acd36ece4d1ba665a6be4940a744c84efc
(1 row)

--------------------------------------------
[2025-09-01 20:43:35] Checking latest block...
   id    |   slot   |                           header_hash                            
---------+----------+------------------------------------------------------------------
 2710891 | 71235919 | ac3e4067e02568d969d939d4602674bb346e9c5938dd6cee224036d5a061b544
(1 row)

--------------------------------------------
[2025-09-01 20:43:57] Checking latest block...
/usr/lib/postgresql/16/bin/psql: unrecognized option '--------------------------------------------'
psql: hint: Try "psql --help" for more information.
[2025-09-01 20:44:53] Checking latest block...
/usr/lib/postgresql/16/bin/psql: unrecognized option '--------------------------------------------'
psql: hint: Try "psql --help" for more information.
[2025-09-01 20:45:38] Checking latest block...
   id    |   slot   |                           header_hash                            
---------+----------+------------------------------------------------------------------
 2711887 | 71262970 | ec07c32fda0a499e5e908f64fd869410940160ecf9256c8de1e257a619f0627f
(1 row)

 stable_pool_count 
-------------------
               436
(1 row)

 pool_v1_count 
---------------
          9133
(1 row)

 pool_v2_count 
---------------
          1469
(1 row)

--------------------------------------------
[2025-09-01 20:46:38] Checking latest block...
   id    |   slot   |                           header_hash                            
---------+----------+------------------------------------------------------------------
 2712385 | 71276918 | f2088f00423363778c77fc102fa1a5bc12ab3dc3a925a262fe4044e5c44ea9d1
(1 row)

 stable_pool_count 
-------------------
               436
(1 row)

 pool_v1_count 
---------------
          9133
(1 row)

 pool_v2_count 
---------------
          1469
(1 row)

--------------------------------------------
[2025-09-01 20:46:41] Checking latest block & pool counts...
   id    |   slot   |                           header_hash                            
---------+----------+------------------------------------------------------------------
 2712385 | 71276918 | f2088f00423363778c77fc102fa1a5bc12ab3dc3a925a262fe4044e5c44ea9d1
(1 row)

 stable_pool_count 
-------------------
               436
(1 row)

 pool_v1_count 
---------------
          9133
(1 row)

 pool_v2_count 
---------------
          1469
(1 row)

--------------------------------------------
[2025-09-01 20:47:41] Checking latest block & pool counts...
   id    |   slot   |                           header_hash                            
---------+----------+------------------------------------------------------------------
 2712883 | 71289390 | 902e60fc8dc5445928f23e38a0fd96cf70505ca53a420b22eec63c42dea25800
(1 row)

 stable_pool_count 
-------------------
               436
(1 row)

 pool_v1_count 
---------------
          9133
(1 row)

 pool_v2_count 
---------------
          1469
(1 row)

--------------------------------------------
[2025-09-01 20:48:42] Checking latest block & pool counts...
   id    |   slot   |                           header_hash                            
---------+----------+------------------------------------------------------------------
 2713379 | 71303494 | f8044bd8a8b7ff7ead3baf84f336c0029324fe049243ccde8f3c1332c9c9d32d
(1 row)

 stable_pool_count 
-------------------
               436
(1 row)

 pool_v1_count 
---------------
          9133
(1 row)

 pool_v2_count 
---------------
          1469
(1 row)

--------------------------------------------
[2025-09-01 20:49:42] Checking latest block & pool counts...
   id    |   slot   |                           header_hash                            
---------+----------+------------------------------------------------------------------
 2713877 | 71315900 | a031191fd525687919efa5b9745f4ffd88823d7116254a7444da5c98ef51e626
(1 row)

 stable_pool_count 
-------------------
               436
(1 row)

 pool_v1_count 
---------------
          9133
(1 row)

 pool_v2_count 
---------------
          1469
(1 row)

--------------------------------------------
[2025-09-01 20:50:42] Checking latest block & pool counts...
   id    |   slot   |                           header_hash                            
---------+----------+------------------------------------------------------------------
 2714377 | 71328118 | 8e263ac7381e0507793362bd023029727761637e4b991ca8dbe4841ba40d5df1
(1 row)

 stable_pool_count 
-------------------
               436
(1 row)

 pool_v1_count 
---------------
          9133
(1 row)

 pool_v2_count 
---------------
          1469
(1 row)

--------------------------------------------
